2025-02-03 21:13:29,470 [INFO] Activator:176 - 


2025-02-03 21:13:29,471 [INFO] Activator:177 - !SESSION log4j initialized
2025-02-03 21:13:31,337 [INFO] LogOutputStream:77 - [STDOUT_REDIRECT] 
2025-02-03 21:13:32,531 [INFO] ApplicationProperties:184 - Using Application install path: C:\ST\STM32CubeIDE_1.17.0\STM32CubeIDE\plugins\com.st.stm32cube.common.mx_6.13.0.202411220809
2025-02-03 21:13:32,544 [INFO] DbMcusXml:78 - Set database path to: C:\ST\STM32CubeIDE_1.17.0\STM32CubeIDE\plugins\com.st.stm32cube.common.mx_6.13.0.202411220809\\db\/mcu/
2025-02-03 21:13:32,545 [INFO] ApiDb:274 - Set plugin database path to: C:\ST\STM32CubeIDE_1.17.0\STM32CubeIDE\plugins\com.st.stm32cube.common.mx_6.13.0.202411220809\\db\/plugins/boardmanager/
2025-02-03 21:13:32,545 [WARN] ApiDb:259 - Overriding images path with different value:  => C:\ST\STM32CubeIDE_1.17.0\STM32CubeIDE\plugins\com.st.stm32cube.common.mx_6.13.0.202411220809\\db\/plugins/mcufinder/images/
2025-02-03 21:13:33,333 [WARN] ApiFinderProperties:113 - C:\Users\PC\.stmcufinder\plugins\mcufinder\mcu\mcuFinder.mfd doesn't exist
2025-02-03 21:13:33,334 [INFO] ApiDb:250 - Set database path to: C:\Users\PC\.stmcufinder\plugins\mcufinder//mcu/
2025-02-03 21:13:33,335 [INFO] DbMcusAds:125 - Set database path to: C:\Users\PC\.stmcufinder\plugins\mcufinder//mcu/
2025-02-03 21:13:33,337 [INFO] CrossReferenceDbSqlite:203 - Set database path to: C:\Users\PC\.stmcufinder\plugins\mcufinder//mcu/cs/
2025-02-03 21:13:33,408 [INFO] RulesReader:64 - Compatibility file has been processed (297 Rules)
2025-02-03 21:13:33,441 [INFO] DbMcusXml:78 - Set database path to: C:\ST\STM32CubeIDE_1.17.0\STM32CubeIDE\plugins\com.st.stm32cube.common.mx_6.13.0.202411220809\\db\/mcu/
2025-02-03 21:13:33,442 [INFO] ApiDb:274 - Set plugin database path to: C:\ST\STM32CubeIDE_1.17.0\STM32CubeIDE\plugins\com.st.stm32cube.common.mx_6.13.0.202411220809\\db\/plugins/boardmanager/
2025-02-03 21:13:33,442 [INFO] ApiDb:261 - Set plugin images path to: C:\ST\STM32CubeIDE_1.17.0\STM32CubeIDE\plugins\com.st.stm32cube.common.mx_6.13.0.202411220809\\db\/plugins/mcufinder/images/
2025-02-03 21:13:33,442 [WARN] DbFile:41 - Overriding database path with different value: C:\Users\PC\.stmcufinder\plugins\mcufinder/ => C:\Users\PC\.stmcufinder\plugins\mcufinder
2025-02-03 21:13:33,442 [INFO] ApiDb:250 - Set database path to: C:\Users\PC\.stmcufinder\plugins\mcufinder//mcu/
2025-02-03 21:13:33,442 [WARN] DbFile:41 - Overriding database path with different value: C:\Users\PC\.stmcufinder\plugins\mcufinder/ => C:\Users\PC\.stmcufinder\plugins\mcufinder
2025-02-03 21:13:33,442 [INFO] DbMcusAds:125 - Set database path to: C:\Users\PC\.stmcufinder\plugins\mcufinder//mcu/
2025-02-03 21:13:33,442 [WARN] DbFile:41 - Overriding database path with different value: C:\Users\PC\.stmcufinder\plugins\mcufinder/ => C:\Users\PC\.stmcufinder\plugins\mcufinder
2025-02-03 21:13:33,442 [WARN] DbFile:41 - Overriding database path with different value: C:\Users\PC\.stmcufinder\plugins\mcufinder/ => C:\Users\PC\.stmcufinder\plugins\mcufinder
2025-02-03 21:13:33,442 [INFO] CrossReferenceDbSqlite:203 - Set database path to: C:\Users\PC\.stmcufinder\plugins\mcufinder//mcu/cs/
2025-02-03 21:13:33,476 [INFO] MainPanel:272 - HeapMemory: 268435456
2025-02-03 21:13:33,519 [INFO] DbMcusXml:78 - Set database path to: C:\ST\STM32CubeIDE_1.17.0\STM32CubeIDE\plugins\com.st.stm32cube.common.mx_6.13.0.202411220809\\db\/mcu/
2025-02-03 21:13:33,519 [INFO] ApiDb:274 - Set plugin database path to: C:\ST\STM32CubeIDE_1.17.0\STM32CubeIDE\plugins\com.st.stm32cube.common.mx_6.13.0.202411220809\\db\/plugins/boardmanager/
2025-02-03 21:13:33,519 [INFO] ApiDb:261 - Set plugin images path to: C:\ST\STM32CubeIDE_1.17.0\STM32CubeIDE\plugins\com.st.stm32cube.common.mx_6.13.0.202411220809\\db\/plugins/mcufinder/images/
2025-02-03 21:13:33,520 [WARN] DbFile:41 - Overriding database path with different value: C:\Users\PC\.stmcufinder\plugins\mcufinder/ => C:\Users\PC\.stmcufinder\plugins\mcufinder
2025-02-03 21:13:33,520 [INFO] ApiDb:250 - Set database path to: C:\Users\PC\.stmcufinder\plugins\mcufinder//mcu/
2025-02-03 21:13:33,520 [WARN] DbFile:41 - Overriding database path with different value: C:\Users\PC\.stmcufinder\plugins\mcufinder/ => C:\Users\PC\.stmcufinder\plugins\mcufinder
2025-02-03 21:13:33,520 [INFO] DbMcusAds:125 - Set database path to: C:\Users\PC\.stmcufinder\plugins\mcufinder//mcu/
2025-02-03 21:13:33,520 [WARN] DbFile:41 - Overriding database path with different value: C:\Users\PC\.stmcufinder\plugins\mcufinder/ => C:\Users\PC\.stmcufinder\plugins\mcufinder
2025-02-03 21:13:33,520 [WARN] DbFile:41 - Overriding database path with different value: C:\Users\PC\.stmcufinder\plugins\mcufinder/ => C:\Users\PC\.stmcufinder\plugins\mcufinder
2025-02-03 21:13:33,520 [INFO] CrossReferenceDbSqlite:203 - Set database path to: C:\Users\PC\.stmcufinder\plugins\mcufinder//mcu/cs/
2025-02-03 21:13:33,529 [INFO] ApplicationProperties:184 - Using Application install path: C:\ST\STM32CubeIDE_1.17.0\STM32CubeIDE\plugins\com.st.stm32cube.common.mx_6.13.0.202411220809
2025-02-03 21:13:33,530 [INFO] PluginManage:196 - Search for loadable plugins [exclusion list=, ]
2025-02-03 21:13:33,531 [INFO] PluginManage:310 - Check plugin analytics
2025-02-03 21:13:33,614 [INFO] AnalyticsPlugin:253 - Accepted Software Licenses: 
2025-02-03 21:13:33,614 [INFO] AnalyticsPlugin:255 - Accepted CMSIS Pack Licenses: 
2025-02-03 21:13:33,614 [INFO] AnalyticsPlugin:257 - Accepted Firmware Licenses: 
2025-02-03 21:13:33,616 [INFO] PluginManage:359 - Loaded plugin analytics (category:tool,tabindex:-1)
2025-02-03 21:13:33,616 [INFO] PluginManage:310 - Check plugin cadmodel
2025-02-03 21:13:33,618 [INFO] CADModel:105 - Init CAD model plugin
2025-02-03 21:13:33,618 [INFO] PluginManage:359 - Loaded plugin cadmodel (category:power,tabindex:5)
2025-02-03 21:13:33,618 [INFO] PluginManage:310 - Check plugin clock
2025-02-03 21:13:33,623 [INFO] PluginManage:359 - Loaded plugin clock (category:base,tabindex:2)
2025-02-03 21:13:33,623 [INFO] PluginManage:310 - Check plugin ddr
2025-02-03 21:13:33,624 [INFO] PluginManage:359 - Loaded plugin ddr (category:tool,tabindex:6)
2025-02-03 21:13:33,624 [INFO] PluginManage:310 - Check plugin filemanager
2025-02-03 21:13:33,728 [INFO] PluginManage:359 - Loaded plugin filemanager (category:base,tabindex:10)
2025-02-03 21:13:33,729 [INFO] PluginManage:310 - Check plugin ipmanager
2025-02-03 21:13:33,733 [INFO] PluginManage:359 - Loaded plugin ipmanager (category:base,tabindex:5)
2025-02-03 21:13:33,733 [INFO] PluginManage:310 - Check plugin lpbam
2025-02-03 21:13:33,738 [INFO] PluginManage:359 - Loaded plugin lpbam (category:base,tabindex:0)
2025-02-03 21:13:33,738 [INFO] PluginManage:310 - Check plugin memorymap
2025-02-03 21:13:33,744 [INFO] PluginManage:359 - Loaded plugin memorymap (category:base,tabindex:4)
2025-02-03 21:13:33,744 [INFO] PluginManage:310 - Check plugin pinoutandconfiguration
2025-02-03 21:13:33,748 [INFO] PluginManage:359 - Loaded plugin pinoutandconfiguration (category:base,tabindex:1)
2025-02-03 21:13:33,749 [INFO] PluginManage:310 - Check plugin pinoutconfig
2025-02-03 21:13:33,796 [WARN] SupportedApi:132 - Cannot load RTOS API schema: s4s-elt-must-match.1: The content of 'definitions' must match (annotation?, (simpleType | complexType)?, (unique | key | keyref)*)). A problem was found starting at: attribute.
2025-02-03 21:13:33,863 [INFO] PluginManage:359 - Loaded plugin pinoutconfig (category:base,tabindex:0)
2025-02-03 21:13:33,863 [INFO] PluginManage:310 - Check plugin power
2025-02-03 21:13:33,868 [INFO] PluginManage:359 - Loaded plugin power (category:power,tabindex:4)
2025-02-03 21:13:33,868 [INFO] PluginManage:310 - Check plugin projectmanager
2025-02-03 21:13:33,876 [INFO] PluginManage:359 - Loaded plugin projectmanager (category:projectmanager,tabindex:4)
2025-02-03 21:13:33,876 [INFO] PluginManage:310 - Check plugin rif
2025-02-03 21:13:33,880 [INFO] PluginManage:359 - Loaded plugin rif (category:base,tabindex:3)
2025-02-03 21:13:33,880 [INFO] PluginManage:310 - Check plugin thirdparty
2025-02-03 21:13:33,939 [INFO] PluginManage:359 - Loaded plugin thirdparty (category:base,tabindex:-1)
2025-02-03 21:13:33,940 [INFO] PluginManage:310 - Check plugin tools
2025-02-03 21:13:33,939 [WARN] IntegrityCheckThread:84 - waiting for thirdparty lock release [integrity check]
2025-02-03 21:13:33,940 [INFO] IntegrityCheckThread:86 - entering critical section [integrity check]
2025-02-03 21:13:33,940 [INFO] ThirdPartyUpdaterWithRetryManager:70 - Updater plugin not ready yet. [1/15]
2025-02-03 21:13:33,941 [INFO] PluginManage:359 - Loaded plugin tools (category:base,tabindex:7)
2025-02-03 21:13:33,941 [INFO] PluginManage:310 - Check plugin tutovideos
2025-02-03 21:13:34,027 [INFO] PluginManage:359 - Loaded plugin tutovideos (category:base,tabindex:-1)
2025-02-03 21:13:34,027 [INFO] PluginManage:310 - Check plugin updater
2025-02-03 21:13:34,039 [INFO] PluginManage:359 - Loaded plugin updater (category:base,tabindex:12)
2025-02-03 21:13:34,039 [INFO] PluginManage:310 - Check plugin userauth
2025-02-03 21:13:34,041 [INFO] UserAuth:118 - Init User Auth plugin
2025-02-03 21:13:34,042 [INFO] PluginManage:359 - Loaded plugin userauth (category:base,tabindex:14)
2025-02-03 21:13:34,042 [INFO] PluginManage:283 - PluginManage : Loaded plugins [18]
2025-02-03 21:13:34,143 [INFO] PinOutPanel:1589 - setPackage(No Configuration,No Configuration)
2025-02-03 21:13:34,185 [INFO] CADModel:165 - CPN selected for project level
2025-02-03 21:13:34,185 [INFO] CADModel:114 - Register for checkConnection events
2025-02-03 21:13:34,194 [INFO] IPUIPlugin:80 - create IPUIPlugin
2025-02-03 21:13:34,194 [INFO] PluginManager:220 - loadIPPluginJar : add adc
2025-02-03 21:13:34,196 [INFO] IPUIPlugin:80 - create IPUIPlugin
2025-02-03 21:13:34,196 [INFO] PluginManager:220 - loadIPPluginJar : add aes
2025-02-03 21:13:34,197 [INFO] IPUIPlugin:80 - create IPUIPlugin
2025-02-03 21:13:34,197 [INFO] PluginManager:220 - loadIPPluginJar : add can
2025-02-03 21:13:34,198 [INFO] IPUIPlugin:80 - create IPUIPlugin
2025-02-03 21:13:34,198 [INFO] PluginManager:220 - loadIPPluginJar : add comp
2025-02-03 21:13:34,200 [INFO] IPUIPlugin:80 - create IPUIPlugin
2025-02-03 21:13:34,200 [INFO] PluginManager:220 - loadIPPluginJar : add cryp
2025-02-03 21:13:34,201 [INFO] IPUIPlugin:80 - create IPUIPlugin
2025-02-03 21:13:34,201 [INFO] PluginManager:220 - loadIPPluginJar : add ddr_ctrl_phy
2025-02-03 21:13:34,202 [INFO] IPUIPlugin:80 - create IPUIPlugin
2025-02-03 21:13:34,202 [INFO] PluginManager:220 - loadIPPluginJar : add dfsdm
2025-02-03 21:13:34,205 [INFO] IPUIPlugin:80 - create IPUIPlugin
2025-02-03 21:13:34,206 [INFO] PluginManager:220 - loadIPPluginJar : add dma
2025-02-03 21:13:34,207 [INFO] IPUIPlugin:80 - create IPUIPlugin
2025-02-03 21:13:34,207 [INFO] PluginManager:220 - loadIPPluginJar : add dma3
2025-02-03 21:13:34,209 [INFO] IPUIPlugin:80 - create IPUIPlugin
2025-02-03 21:13:34,209 [INFO] PluginManager:220 - loadIPPluginJar : add extmemmanager
2025-02-03 21:13:34,210 [INFO] IPUIPlugin:80 - create IPUIPlugin
2025-02-03 21:13:34,210 [INFO] PluginManager:220 - loadIPPluginJar : add fatfs
2025-02-03 21:13:34,212 [INFO] IPUIPlugin:80 - create IPUIPlugin
2025-02-03 21:13:34,212 [INFO] PluginManager:220 - loadIPPluginJar : add fmc
2025-02-03 21:13:34,216 [INFO] IPUIPlugin:80 - create IPUIPlugin
2025-02-03 21:13:34,217 [INFO] PluginManager:220 - loadIPPluginJar : add freertos
2025-02-03 21:13:34,218 [INFO] IPUIPlugin:80 - create IPUIPlugin
2025-02-03 21:13:34,218 [INFO] PluginManager:220 - loadIPPluginJar : add genericplugin
2025-02-03 21:13:34,219 [INFO] IPUIPlugin:80 - create IPUIPlugin
2025-02-03 21:13:34,219 [INFO] PluginManager:220 - loadIPPluginJar : add gfxmmu
2025-02-03 21:13:34,221 [INFO] IPUIPlugin:80 - create IPUIPlugin
2025-02-03 21:13:34,221 [INFO] PluginManager:220 - loadIPPluginJar : add gic
2025-02-03 21:13:34,224 [INFO] IPUIPlugin:80 - create IPUIPlugin
2025-02-03 21:13:34,224 [INFO] PluginManager:220 - loadIPPluginJar : add gpio
2025-02-03 21:13:34,225 [INFO] IPUIPlugin:80 - create IPUIPlugin
2025-02-03 21:13:34,225 [INFO] PluginManager:220 - loadIPPluginJar : add gtzc
2025-02-03 21:13:34,226 [INFO] IPUIPlugin:80 - create IPUIPlugin
2025-02-03 21:13:34,226 [INFO] PluginManager:220 - loadIPPluginJar : add hash
2025-02-03 21:13:34,228 [INFO] IPUIPlugin:80 - create IPUIPlugin
2025-02-03 21:13:34,228 [INFO] PluginManager:220 - loadIPPluginJar : add i2c
2025-02-03 21:13:34,230 [INFO] IPUIPlugin:80 - create IPUIPlugin
2025-02-03 21:13:34,230 [INFO] PluginManager:220 - loadIPPluginJar : add i2s
2025-02-03 21:13:34,231 [INFO] IPUIPlugin:80 - create IPUIPlugin
2025-02-03 21:13:34,232 [INFO] PluginManager:220 - loadIPPluginJar : add i3c
2025-02-03 21:13:34,234 [INFO] IPUIPlugin:80 - create IPUIPlugin
2025-02-03 21:13:34,234 [INFO] PluginManager:220 - loadIPPluginJar : add ipddr
2025-02-03 21:13:34,238 [INFO] IPUIPlugin:80 - create IPUIPlugin
2025-02-03 21:13:34,238 [INFO] PluginManager:220 - loadIPPluginJar : add linkedlist
2025-02-03 21:13:34,240 [INFO] IPUIPlugin:80 - create IPUIPlugin
2025-02-03 21:13:34,240 [INFO] PluginManager:220 - loadIPPluginJar : add lorawan
2025-02-03 21:13:34,241 [INFO] IPUIPlugin:80 - create IPUIPlugin
2025-02-03 21:13:34,241 [INFO] PluginManager:220 - loadIPPluginJar : add ltdc
2025-02-03 21:13:34,244 [INFO] IPUIPlugin:80 - create IPUIPlugin
2025-02-03 21:13:34,244 [INFO] PluginManager:220 - loadIPPluginJar : add mdma
2025-02-03 21:13:34,246 [INFO] IPUIPlugin:80 - create IPUIPlugin
2025-02-03 21:13:34,246 [INFO] PluginManager:220 - loadIPPluginJar : add nvic
2025-02-03 21:13:34,247 [INFO] IPUIPlugin:80 - create IPUIPlugin
2025-02-03 21:13:34,247 [INFO] PluginManager:220 - loadIPPluginJar : add opamp
2025-02-03 21:13:34,249 [INFO] IPUIPlugin:80 - create IPUIPlugin
2025-02-03 21:13:34,249 [INFO] PluginManager:220 - loadIPPluginJar : add openamp
2025-02-03 21:13:34,250 [INFO] IPUIPlugin:80 - create IPUIPlugin
2025-02-03 21:13:34,250 [INFO] PluginManager:220 - loadIPPluginJar : add pdm2pcm
2025-02-03 21:13:34,253 [INFO] IPUIPlugin:80 - create IPUIPlugin
2025-02-03 21:13:34,255 [INFO] PluginManager:220 - loadIPPluginJar : add plateformsettings
2025-02-03 21:13:34,256 [INFO] IPUIPlugin:80 - create IPUIPlugin
2025-02-03 21:13:34,256 [INFO] PluginManager:220 - loadIPPluginJar : add quadspi
2025-02-03 21:13:34,257 [INFO] IPUIPlugin:80 - create IPUIPlugin
2025-02-03 21:13:34,257 [INFO] PluginManager:220 - loadIPPluginJar : add radio
2025-02-03 21:13:34,260 [INFO] IPUIPlugin:80 - create IPUIPlugin
2025-02-03 21:13:34,260 [INFO] PluginManager:220 - loadIPPluginJar : add resmgrutility
2025-02-03 21:13:34,262 [INFO] IPUIPlugin:80 - create IPUIPlugin
2025-02-03 21:13:34,262 [INFO] PluginManager:220 - loadIPPluginJar : add sai
2025-02-03 21:13:34,263 [INFO] IPUIPlugin:80 - create IPUIPlugin
2025-02-03 21:13:34,263 [INFO] PluginManager:220 - loadIPPluginJar : add spi
2025-02-03 21:13:34,265 [INFO] IPUIPlugin:80 - create IPUIPlugin
2025-02-03 21:13:34,266 [INFO] PluginManager:220 - loadIPPluginJar : add stm32_wpan
2025-02-03 21:13:34,266 [INFO] IPUIPlugin:80 - create IPUIPlugin
2025-02-03 21:13:34,266 [INFO] PluginManager:220 - loadIPPluginJar : add tim
2025-02-03 21:13:34,268 [INFO] IPUIPlugin:80 - create IPUIPlugin
2025-02-03 21:13:34,268 [INFO] PluginManager:220 - loadIPPluginJar : add touchsensing
2025-02-03 21:13:34,269 [INFO] IPUIPlugin:80 - create IPUIPlugin
2025-02-03 21:13:34,269 [INFO] PluginManager:220 - loadIPPluginJar : add tracer_emb
2025-02-03 21:13:34,270 [INFO] IPUIPlugin:80 - create IPUIPlugin
2025-02-03 21:13:34,270 [INFO] PluginManager:220 - loadIPPluginJar : add ts
2025-02-03 21:13:34,271 [INFO] IPUIPlugin:80 - create IPUIPlugin
2025-02-03 21:13:34,271 [INFO] PluginManager:220 - loadIPPluginJar : add tsc
2025-02-03 21:13:34,272 [INFO] IPUIPlugin:80 - create IPUIPlugin
2025-02-03 21:13:34,272 [INFO] PluginManager:220 - loadIPPluginJar : add ucpd
2025-02-03 21:13:34,273 [INFO] IPUIPlugin:80 - create IPUIPlugin
2025-02-03 21:13:34,273 [INFO] PluginManager:220 - loadIPPluginJar : add usart
2025-02-03 21:13:34,275 [INFO] IPUIPlugin:80 - create IPUIPlugin
2025-02-03 21:13:34,275 [INFO] PluginManager:220 - loadIPPluginJar : add usbx
2025-02-03 21:13:34,375 [FATAL] Updater:351 - Updater called before beeing initialized
2025-02-03 21:13:34,387 [INFO] RulesReader:64 - Compatibility file has been processed (297 Rules)
2025-02-03 21:13:34,392 [INFO] RulesReader:64 - Compatibility file has been processed (297 Rules)
2025-02-03 21:13:34,395 [INFO] CADModel:165 - CPN selected for project level
2025-02-03 21:13:34,395 [INFO] CADModel:114 - Register for checkConnection events
2025-02-03 21:13:34,395 [FATAL] Updater:351 - Updater called before beeing initialized
2025-02-03 21:13:34,395 [ERROR] CADModel:125 - Updater not yet initialized, retry later 
2025-02-03 21:13:34,456 [FATAL] Updater:351 - Updater called before beeing initialized
2025-02-03 21:13:34,457 [INFO] CADModel:165 - CPN selected for project level
2025-02-03 21:13:34,457 [INFO] CADModel:114 - Register for checkConnection events
2025-02-03 21:13:34,457 [FATAL] Updater:351 - Updater called before beeing initialized
2025-02-03 21:13:34,457 [ERROR] CADModel:125 - Updater not yet initialized, retry later 
2025-02-03 21:13:34,459 [FATAL] Updater:351 - Updater called before beeing initialized
2025-02-03 21:13:34,504 [FATAL] Updater:351 - Updater called before beeing initialized
2025-02-03 21:13:34,507 [INFO] DbMcusAds:53 - JSON generation date=Thu Sep 30 13:55:09 ICT 2021 (1632984909247)
2025-02-03 21:13:34,507 [FATAL] Updater:351 - Updater called before beeing initialized
2025-02-03 21:13:34,526 [WARN] DetailPanel:346 - Failed to get advertising image, set to default
2025-02-03 21:13:34,670 [FATAL] Updater:351 - Updater called before beeing initialized
2025-02-03 21:13:34,672 [FATAL] Updater:351 - Updater called before beeing initialized
2025-02-03 21:13:34,672 [FATAL] Updater:351 - Updater called before beeing initialized
2025-02-03 21:13:34,672 [WARN] DetailPanel:346 - Failed to get advertising image, set to default
2025-02-03 21:13:34,672 [FATAL] Updater:351 - Updater called before beeing initialized
2025-02-03 21:13:34,696 [ERROR] Updater:1198 - MainUpdater not yet initialized. External WinMGr cannot be set.
2025-02-03 21:13:34,697 [INFO] Updater:1134 - Updater Version found : 6.13.0
2025-02-03 21:13:34,707 [INFO] ApplicationProperties:184 - Using Application install path: C:\ST\STM32CubeIDE_1.17.0\STM32CubeIDE\plugins\com.st.stm32cube.common.mx_6.13.0.202411220809
2025-02-03 21:13:36,269 [ERROR] LogOutputStream:75 - [STDERR_REDIRECT] Feb 03, 2025 9:13:36 PM java.util.prefs.WindowsPreferences <init>
2025-02-03 21:13:36,270 [ERROR] LogOutputStream:75 - [STDERR_REDIRECT] WARNING: Could not open/create prefs root node Software\JavaSoft\Prefs at root 0xffffffff80000002. Windows RegCreateKeyEx(...) returned error code 5.
2025-02-03 21:13:36,270 [ERROR] LogOutputStream:75 - [STDERR_REDIRECT] 
2025-02-03 21:13:36,280 [INFO] MainUpdater:525 - Copy updater definitions from MX database
2025-02-03 21:13:36,293 [INFO] MainUpdater:558 - Copy flag file definitions from MX database
2025-02-03 21:13:36,293 [INFO] MainUpdater:574 - Copy thirdparty index definitions from MX database
2025-02-03 21:13:36,294 [INFO] MainUpdater:593 - Copy default thirdparty db definitions from MX database
2025-02-03 21:13:36,558 [INFO] MainUpdater:2872 - connection check result : 10
2025-02-03 21:13:36,558 [INFO] MainUpdater:3566 - Updater definition file requires update
2025-02-03 21:13:36,559 [INFO] MainUpdater:289 - Updater Check For Update Now.
2025-02-03 21:13:36,559 [INFO] MicroXplorer:498 - Change Database Version : DB.6.0.130
2025-02-03 21:13:36,561 [INFO] McuFinderGlobals:63 - Set McuFinder mode to 2 (CubeIDE integrated)
2025-02-03 21:13:36,561 [INFO] UserAuth:171 - activating auth plugin
2025-02-03 21:13:36,563 [INFO] UserAuth:486 - Internet connection configuration mode: 1
2025-02-03 21:13:36,569 [INFO] JxBrowserEngine:152 - Initiate JxBrowser Engine with user profile folder
2025-02-03 21:13:36,686 [INFO] ServerAccessManage:473 - Download File updaters.zip
2025-02-03 21:13:36,751 [INFO] FileExtend:240 - Unzip File : updaters.zip
2025-02-03 21:13:36,752 [INFO] FileExtend:255 - Standard Zip Deflate
2025-02-03 21:13:36,929 [INFO] ServerAccessManage:473 - Download File PacksControlFlags.xml
2025-02-03 21:13:36,943 [WARN] MainUpdater:1193 - Updater busy. Cannot search thirdparties
2025-02-03 21:13:36,943 [INFO] ThirdPartyUpdaterWithRetryManager:96 - Updater plugin is busy. [1/15]
2025-02-03 21:13:36,998 [INFO] ServerAccessManage:473 - Download File cubemx.pidx
2025-02-03 21:13:37,137 [INFO] ServerAccessManage:473 - Download File STMicroelectronics.FP-ATR-ASTRA1.pdsc
2025-02-03 21:13:37,528 [INFO] ServerAccessManage:473 - Download File STMicroelectronics.FP-ATR-SIGFOX1.pdsc
2025-02-03 21:13:37,826 [INFO] ServerAccessManage:473 - Download File STMicroelectronics.FP-SNS-STBOX1.pdsc
2025-02-03 21:13:38,012 [INFO] ServerAccessManage:473 - Download File STMicroelectronics.FP-SNS-FLIGHT1.pdsc
2025-02-03 21:13:38,470 [INFO] ServerAccessManage:473 - Download File STMicroelectronics.FP-SNS-MOTENV1.pdsc
2025-02-03 21:13:38,823 [INFO] ServerAccessManage:473 - Download File STMicroelectronics.FP-SNS-MOTENVWB1.pdsc
2025-02-03 21:13:39,213 [INFO] WebApp:168 - Instantiating new browser for Auth
2025-02-03 21:13:39,308 [INFO] ServerAccessManage:473 - Download File STMicroelectronics.FP-SNS-SMARTAG2.pdsc
2025-02-03 21:13:39,518 [INFO] ServerAccessManage:473 - Download File STMicroelectronics.X-CUBE-AI.pdsc
2025-02-03 21:13:39,612 [INFO] WebApp:449 - Apply proxy settings
2025-02-03 21:13:39,613 [INFO] WebApp:534 - Chromium requires no authentication
2025-02-03 21:13:39,617 [INFO] WebApp:477 - Direct internet connection detected
2025-02-03 21:13:39,627 [INFO] WebApp:880 - Register for checkConnection events
2025-02-03 21:13:39,627 [INFO] WebApp:449 - Apply proxy settings
2025-02-03 21:13:39,627 [INFO] WebApp:534 - Chromium requires no authentication
2025-02-03 21:13:39,627 [INFO] WebApp:477 - Direct internet connection detected
2025-02-03 21:13:39,714 [INFO] WebApp:221 - Starting web application
2025-02-03 21:13:39,715 [INFO] WebApp:579 - Web application path used C:\ST\STM32CubeIDE_1.17.0\STM32CubeIDE\plugins\com.st.stm32cube.common.mx_6.13.0.202411220809\db\plugins\mcufinder\reactClient1\index.html
2025-02-03 21:13:39,944 [WARN] MainUpdater:1193 - Updater busy. Cannot search thirdparties
2025-02-03 21:13:39,944 [INFO] ThirdPartyUpdaterWithRetryManager:96 - Updater plugin is busy. [2/15]
2025-02-03 21:13:40,011 [INFO] WebApp:187 - Connection restablished
2025-02-03 21:13:41,043 [INFO] ServerAccessManage:473 - Download File STMicroelectronics.X-CUBE-ALS.pdsc
2025-02-03 21:13:41,621 [INFO] ServerAccessManage:473 - Download File STMicroelectronics.X-CUBE-BLE1.pdsc
2025-02-03 21:13:42,944 [WARN] MainUpdater:1193 - Updater busy. Cannot search thirdparties
2025-02-03 21:13:42,944 [INFO] ThirdPartyUpdaterWithRetryManager:96 - Updater plugin is busy. [3/15]
2025-02-03 21:13:43,973 [ERROR] ServerAccessManage:1089 - Problem, file not found on Server
2025-02-03 21:13:44,035 [INFO] ServerAccessManage:473 - Download File STMicroelectronics.X-CUBE-BLE2.pdsc
2025-02-03 21:13:45,027 [INFO] ServerAccessManage:473 - Download File STMicroelectronics.X-CUBE-BLEMGR.pdsc
2025-02-03 21:13:45,928 [ERROR] ServerAccessManage:1089 - Problem, file not found on Server
2025-02-03 21:13:45,945 [WARN] MainUpdater:1193 - Updater busy. Cannot search thirdparties
2025-02-03 21:13:45,945 [INFO] ThirdPartyUpdaterWithRetryManager:96 - Updater plugin is busy. [4/15]
2025-02-03 21:13:46,447 [INFO] ServerAccessManage:473 - Download File STMicroelectronics.X-CUBE-DISPLAY.pdsc
2025-02-03 21:13:46,932 [INFO] ServerAccessManage:473 - Download File STMicroelectronics.X-CUBE-DPOWER.pdsc
2025-02-03 21:13:47,872 [ERROR] ServerAccessManage:1089 - Problem, file not found on Server
2025-02-03 21:13:48,946 [WARN] MainUpdater:1193 - Updater busy. Cannot search thirdparties
2025-02-03 21:13:48,946 [INFO] ThirdPartyUpdaterWithRetryManager:96 - Updater plugin is busy. [5/15]
2025-02-03 21:13:48,969 [ERROR] ServerAccessManage:1089 - Problem, file not found on Server
2025-02-03 21:13:49,537 [ERROR] ServerAccessManage:1089 - Problem, file not found on Server
2025-02-03 21:13:50,347 [ERROR] ServerAccessManage:1089 - Problem, file not found on Server
2025-02-03 21:13:50,704 [ERROR] ServerAccessManage:1089 - Problem, file not found on Server
2025-02-03 21:13:51,540 [ERROR] ServerAccessManage:1089 - Problem, file not found on Server
2025-02-03 21:13:51,947 [WARN] MainUpdater:1193 - Updater busy. Cannot search thirdparties
2025-02-03 21:13:51,947 [INFO] ThirdPartyUpdaterWithRetryManager:96 - Updater plugin is busy. [6/15]
2025-02-03 21:13:52,686 [ERROR] ServerAccessManage:1089 - Problem, file not found on Server
2025-02-03 21:13:53,474 [ERROR] ServerAccessManage:1089 - Problem, file not found on Server
2025-02-03 21:13:54,628 [ERROR] ServerAccessManage:1089 - Problem, file not found on Server
2025-02-03 21:13:54,948 [WARN] MainUpdater:1193 - Updater busy. Cannot search thirdparties
2025-02-03 21:13:54,948 [INFO] ThirdPartyUpdaterWithRetryManager:96 - Updater plugin is busy. [7/15]
2025-02-03 21:13:55,722 [ERROR] ServerAccessManage:1089 - Problem, file not found on Server
2025-02-03 21:13:56,533 [ERROR] ServerAccessManage:1089 - Problem, file not found on Server
2025-02-03 21:13:56,594 [INFO] ServerAccessManage:473 - Download File STMicroelectronics.X-CUBE-EEPRMA1.pdsc
2025-02-03 21:13:57,724 [ERROR] ServerAccessManage:1089 - Problem, file not found on Server
2025-02-03 21:13:57,948 [WARN] MainUpdater:1193 - Updater busy. Cannot search thirdparties
2025-02-03 21:13:57,948 [INFO] ThirdPartyUpdaterWithRetryManager:96 - Updater plugin is busy. [8/15]
2025-02-03 21:13:59,029 [ERROR] ServerAccessManage:1089 - Problem, file not found on Server
2025-02-03 21:14:00,203 [INFO] ServerAccessManage:473 - Download File STMicroelectronics.X-CUBE-FREERTOS.pdsc
2025-02-03 21:14:00,949 [WARN] MainUpdater:1193 - Updater busy. Cannot search thirdparties
2025-02-03 21:14:00,949 [INFO] ThirdPartyUpdaterWithRetryManager:96 - Updater plugin is busy. [9/15]
2025-02-03 21:14:01,830 [INFO] ServerAccessManage:473 - Download File STMicroelectronics.X-CUBE-GNSS1.pdsc
2025-02-03 21:14:02,966 [ERROR] ServerAccessManage:1089 - Problem, file not found on Server
2025-02-03 21:14:03,761 [ERROR] ServerAccessManage:1089 - Problem, file not found on Server
2025-02-03 21:14:03,950 [WARN] MainUpdater:1193 - Updater busy. Cannot search thirdparties
2025-02-03 21:14:03,950 [INFO] ThirdPartyUpdaterWithRetryManager:96 - Updater plugin is busy. [10/15]
2025-02-03 21:14:04,555 [ERROR] ServerAccessManage:1089 - Problem, file not found on Server
2025-02-03 21:14:05,348 [ERROR] ServerAccessManage:1089 - Problem, file not found on Server
2025-02-03 21:14:06,347 [ERROR] ServerAccessManage:1089 - Problem, file not found on Server
2025-02-03 21:14:06,678 [ERROR] ServerAccessManage:1089 - Problem, file not found on Server
2025-02-03 21:14:06,747 [INFO] ServerAccessManage:473 - Download File STMicroelectronics.X-CUBE-ISPU.pdsc
2025-02-03 21:14:06,951 [WARN] MainUpdater:1193 - Updater busy. Cannot search thirdparties
2025-02-03 21:14:06,951 [INFO] ThirdPartyUpdaterWithRetryManager:96 - Updater plugin is busy. [11/15]
2025-02-03 21:14:07,095 [INFO] ServerAccessManage:473 - Download File STMicroelectronics.X-CUBE-IPS.pdsc
2025-02-03 21:14:07,293 [INFO] ServerAccessManage:473 - Download File STMicroelectronics.X-CUBE-MEMS1.pdsc
2025-02-03 21:14:09,020 [INFO] ServerAccessManage:473 - Download File STMicroelectronics.X-CUBE-NFC4.pdsc
2025-02-03 21:14:09,917 [INFO] ServerAccessManage:473 - Download File STMicroelectronics.X-CUBE-NFC6.pdsc
2025-02-03 21:14:09,953 [WARN] MainUpdater:1193 - Updater busy. Cannot search thirdparties
2025-02-03 21:14:09,953 [INFO] ThirdPartyUpdaterWithRetryManager:96 - Updater plugin is busy. [12/15]
2025-02-03 21:14:10,247 [INFO] ServerAccessManage:473 - Download File STMicroelectronics.X-CUBE-NFC7.pdsc
2025-02-03 21:14:10,427 [INFO] ServerAccessManage:473 - Download File STMicroelectronics.X-CUBE-NFC9.pdsc
2025-02-03 21:14:11,472 [INFO] ServerAccessManage:473 - Download File STMicroelectronics.X-CUBE-NFC10.pdsc
2025-02-03 21:14:11,600 [INFO] ServerAccessManage:473 - Download File STMicroelectronics.X-CUBE-SFXS2LP1.pdsc
2025-02-03 21:14:11,964 [INFO] ServerAccessManage:473 - Download File STMicroelectronics.X-CUBE-SAFEA1.pdsc
2025-02-03 21:14:12,110 [INFO] ServerAccessManage:473 - Download File STMicroelectronics.X-CUBE-SUBG2.pdsc
2025-02-03 21:14:12,954 [WARN] MainUpdater:1193 - Updater busy. Cannot search thirdparties
2025-02-03 21:14:12,954 [INFO] ThirdPartyUpdaterWithRetryManager:96 - Updater plugin is busy. [13/15]
2025-02-03 21:14:12,984 [INFO] ServerAccessManage:473 - Download File STMicroelectronics.X-CUBE-SMBUS.pdsc
2025-02-03 21:14:13,818 [ERROR] ServerAccessManage:1089 - Problem, file not found on Server
2025-02-03 21:14:13,886 [INFO] ServerAccessManage:473 - Download File STMicroelectronics.X-CUBE-TCPP.pdsc
2025-02-03 21:14:14,096 [INFO] ServerAccessManage:473 - Download File STMicroelectronics.X-CUBE-TOF1.pdsc
2025-02-03 21:14:15,954 [WARN] MainUpdater:1193 - Updater busy. Cannot search thirdparties
2025-02-03 21:14:15,954 [INFO] ThirdPartyUpdaterWithRetryManager:96 - Updater plugin is busy. [14/15]
2025-02-03 21:14:17,096 [ERROR] ServerAccessManage:1089 - Problem, file not found on Server
2025-02-03 21:14:17,225 [INFO] ServerAccessManage:473 - Download File STMicroelectronics.X-CUBE-TOUCHGFX.pdsc
2025-02-03 21:14:18,806 [INFO] ServerAccessManage:473 - Download File STMicroelectronics.X-CUBE-ALGOBUILD.pdsc
2025-02-03 21:14:18,955 [WARN] MainUpdater:1193 - Updater busy. Cannot search thirdparties
2025-02-03 21:14:18,955 [INFO] ThirdPartyUpdaterWithRetryManager:96 - Updater plugin is busy. [15/15]
2025-02-03 21:14:18,955 [ERROR] IntegrityCheckThread:130 - Cannot retrieve database content from updater: error -1
2025-02-03 21:14:18,955 [INFO] ThirdParty:978 - Integrity check success = false
2025-02-03 21:14:18,955 [INFO] IntegrityCheckThread:100 - exiting critical section [integrity check]
2025-02-03 21:14:18,955 [INFO] IntegrityCheckThread:103 - End integrity checks thread
2025-02-03 21:14:23,018 [INFO] ServerAccessManage:473 - Download File STMicroelectronics.X-CUBE-AZRTOS-H7.pdsc
2025-02-03 21:14:26,933 [INFO] ServerAccessManage:473 - Download File STMicroelectronics.X-CUBE-AZRTOS-H7RS.pdsc
2025-02-03 21:14:28,091 [INFO] ServerAccessManage:473 - Download File STMicroelectronics.X-CUBE-AZRTOS-F4.pdsc
2025-02-03 21:14:28,328 [INFO] ServerAccessManage:473 - Download File STMicroelectronics.X-CUBE-AZRTOS-F7.pdsc
2025-02-03 21:14:28,547 [INFO] ServerAccessManage:473 - Download File STMicroelectronics.X-CUBE-AZRTOS-L4.pdsc
2025-02-03 21:14:28,778 [INFO] ServerAccessManage:473 - Download File STMicroelectronics.X-CUBE-AZRTOS-L5.pdsc
2025-02-03 21:14:29,123 [INFO] ServerAccessManage:473 - Download File STMicroelectronics.X-CUBE-AZRTOS-G0.pdsc
2025-02-03 21:14:29,349 [INFO] ServerAccessManage:473 - Download File STMicroelectronics.X-CUBE-AZRTOS-G4.pdsc
2025-02-03 21:14:29,623 [INFO] ServerAccessManage:473 - Download File STMicroelectronics.X-CUBE-AZRTOS-WB.pdsc
2025-02-03 21:14:29,834 [INFO] ServerAccessManage:473 - Download File STMicroelectronics.X-CUBE-AZRTOS-WL.pdsc
2025-02-03 21:14:30,051 [INFO] ServerAccessManage:473 - Download File STMicroelectronics.X-CUBE-WB05N.pdsc
2025-02-03 21:14:32,655 [INFO] ServerAccessManage:473 - Download File wolfSSL.I-CUBE-wolfSSL.pdsc
2025-02-03 21:14:42,084 [ERROR] ServerAccessManage:1089 - Problem, file not found on Server
2025-02-03 21:14:42,717 [ERROR] ServerAccessManage:1089 - Problem, file not found on Server
2025-02-03 21:14:43,349 [ERROR] ServerAccessManage:1089 - Problem, file not found on Server
2025-02-03 21:14:43,656 [INFO] ServerAccessManage:473 - Download File wolfSSL.I-CUBE-wolfMQTT.pdsc
2025-02-03 21:14:45,546 [ERROR] ServerAccessManage:1089 - Problem, file not found on Server
2025-02-03 21:14:45,852 [INFO] ServerAccessManage:473 - Download File wolfSSL.I-CUBE-wolfTPM.pdsc
2025-02-03 21:14:48,262 [INFO] ServerAccessManage:473 - Download File wolfSSL.I-CUBE-wolfSSH.pdsc
2025-02-03 21:14:51,941 [INFO] ServerAccessManage:473 - Download File RealThread.X-CUBE-RT-Thread_Nano.pdsc
2025-02-03 21:14:53,808 [INFO] ServerAccessManage:473 - Download File SEGGER.I-CUBE-embOS.pdsc
2025-02-03 21:14:57,322 [INFO] ServerAccessManage:473 - Download File portGmbH.I-Cube-SoM-uGOAL.pdsc
2025-02-03 21:14:59,817 [ERROR] ServerAccessManage:1089 - Problem, file not found on Server
2025-02-03 21:15:00,066 [ERROR] ServerAccessManage:1089 - Problem, file not found on Server
2025-02-03 21:15:00,316 [ERROR] ServerAccessManage:1089 - Problem, file not found on Server
2025-02-03 21:15:01,835 [INFO] ServerAccessManage:473 - Download File emotas.I-CUBE-CANOPEN.pdsc
2025-02-03 21:15:03,917 [INFO] ServerAccessManage:473 - Download File WES.I-CUBE-Cesium.pdsc
2025-02-03 21:15:04,719 [ERROR] ServerAccessManage:1089 - Problem, file not found on Server
2025-02-03 21:15:05,119 [ERROR] ServerAccessManage:1089 - Problem, file not found on Server
2025-02-03 21:15:06,745 [INFO] ServerAccessManage:473 - Download File ITTIA_DB.I-CUBE-ITTIADB.pdsc
2025-02-03 21:15:13,406 [INFO] ServerAccessManage:473 - Download File Infineon.AIROC-Wi-Fi-Bluetooth-STM32.pdsc
2025-02-03 21:15:22,175 [INFO] ServerAccessManage:473 - Download File Cesanta.I-CUBE-Mongoose.pdsc
2025-02-03 21:15:27,311 [INFO] ServerAccessManage:473 - Download File EmbeddedOffice.I-CUBE-FS-RTOS.pdsc
2025-02-03 21:15:29,260 [INFO] ServerAccessManage:473 - Download File quantropi.X-CUBE-qispace-sdk-base.pdsc
2025-02-03 21:15:29,547 [WARN] PackLoader:240 - Cannot read IP mode file for STMicroelectronics.FP-ATR-ASTRA1.2.0.1
2025-02-03 21:15:29,550 [WARN] PackLoader:240 - Cannot read IP mode file for STMicroelectronics.FP-ATR-SIGFOX1.3.2.0
2025-02-03 21:15:29,551 [WARN] CheckServerUpdateThread:151 - Open CheckUpdateFile Fail
2025-02-03 21:15:29,555 [WARN] PackLoader:240 - Cannot read IP mode file for STMicroelectronics.FP-SNS-STBOX1.2.0.0
2025-02-03 21:15:29,560 [WARN] PackLoader:240 - Cannot read IP mode file for STMicroelectronics.FP-SNS-FLIGHT1.5.0.2
2025-02-03 21:15:29,563 [WARN] PackLoader:240 - Cannot read IP mode file for STMicroelectronics.FP-SNS-MOTENV1.5.0.0
2025-02-03 21:15:29,566 [WARN] PackLoader:240 - Cannot read IP mode file for STMicroelectronics.FP-SNS-MOTENVWB1.1.4.0
2025-02-03 21:15:29,569 [WARN] PackLoader:240 - Cannot read IP mode file for STMicroelectronics.FP-SNS-SMARTAG2.1.2.0
2025-02-03 21:15:29,571 [WARN] PackLoader:240 - Cannot read IP mode file for STMicroelectronics.X-CUBE-AI.10.0.0
2025-02-03 21:15:29,574 [WARN] PackLoader:240 - Cannot read IP mode file for STMicroelectronics.X-CUBE-ALS.1.0.2
2025-02-03 21:15:29,577 [WARN] PackLoader:240 - Cannot read IP mode file for STMicroelectronics.X-CUBE-BLE1.7.0.0
2025-02-03 21:15:29,580 [WARN] PackLoader:240 - Cannot read IP mode file for STMicroelectronics.X-CUBE-BLE2.3.3.0
2025-02-03 21:15:29,592 [WARN] PackLoader:240 - Cannot read IP mode file for STMicroelectronics.X-CUBE-BLEMGR.4.0.0
2025-02-03 21:15:29,599 [WARN] PackLoader:240 - Cannot read IP mode file for STMicroelectronics.X-CUBE-DISPLAY.3.0.0
2025-02-03 21:15:29,605 [WARN] PackLoader:240 - Cannot read IP mode file for STMicroelectronics.X-CUBE-DPower.1.2.0
2025-02-03 21:15:29,608 [WARN] PackLoader:240 - Cannot read IP mode file for STMicroelectronics.X-CUBE-EEPRMA1.5.1.0
2025-02-03 21:15:29,611 [WARN] PackLoader:240 - Cannot read IP mode file for STMicroelectronics.X-CUBE-FREERTOS.1.3.0
2025-02-03 21:15:29,613 [WARN] PackLoader:240 - Cannot read IP mode file for STMicroelectronics.X-CUBE-GNSS1.7.0.1
2025-02-03 21:15:29,616 [WARN] PackLoader:240 - Cannot read IP mode file for STMicroelectronics.X-CUBE-ISPU.2.1.0
2025-02-03 21:15:29,621 [WARN] PackLoader:240 - Cannot read IP mode file for STMicroelectronics.X-CUBE-IPS.3.1.0
2025-02-03 21:15:29,645 [WARN] PackLoader:240 - Cannot read IP mode file for STMicroelectronics.X-CUBE-MEMS1.11.1.0
2025-02-03 21:15:29,664 [INFO] CheckServerUpdateThread:120 - End of CheckServer Thread
2025-02-03 21:15:29,698 [WARN] PackLoader:240 - Cannot read IP mode file for STMicroelectronics.X-CUBE-NFC4.3.0.0
2025-02-03 21:15:29,701 [WARN] PackLoader:240 - Cannot read IP mode file for STMicroelectronics.X-CUBE-NFC6.3.1.0
2025-02-03 21:15:29,704 [WARN] PackLoader:240 - Cannot read IP mode file for STMicroelectronics.X-CUBE-NFC7.1.0.1
2025-02-03 21:15:29,708 [WARN] PackLoader:240 - Cannot read IP mode file for STMicroelectronics.X-CUBE-NFC9.1.0.0
2025-02-03 21:15:29,711 [WARN] PackLoader:240 - Cannot read IP mode file for STMicroelectronics.X-CUBE-NFC10.1.0.0
2025-02-03 21:15:29,714 [WARN] PackLoader:240 - Cannot read IP mode file for STMicroelectronics.X-CUBE-SFXS2LP1.4.0.0
2025-02-03 21:15:29,717 [WARN] PackLoader:240 - Cannot read IP mode file for STMicroelectronics.X-CUBE-SAFEA1.1.2.2
2025-02-03 21:15:29,721 [WARN] PackLoader:240 - Cannot read IP mode file for STMicroelectronics.X-CUBE-SUBG2.5.0.0
2025-02-03 21:15:29,724 [WARN] PackLoader:240 - Cannot read IP mode file for STMicroelectronics.X-CUBE-SMBUS.2.1.0
2025-02-03 21:15:29,727 [WARN] PackLoader:240 - Cannot read IP mode file for STMicroelectronics.X-CUBE-TCPP.4.2.0
2025-02-03 21:15:29,731 [WARN] PackLoader:240 - Cannot read IP mode file for STMicroelectronics.X-CUBE-TOF1.3.4.2
2025-02-03 21:15:29,736 [WARN] PackLoader:240 - Cannot read IP mode file for STMicroelectronics.X-CUBE-TOUCHGFX.4.24.2
2025-02-03 21:15:29,739 [WARN] PackLoader:240 - Cannot read IP mode file for STMicroelectronics.X-CUBE-ALGOBUILD.1.4.0
2025-02-03 21:15:29,747 [WARN] PackLoader:240 - Cannot read IP mode file for STMicroelectronics.X-CUBE-AZRTOS-H7.3.3.0
2025-02-03 21:15:29,755 [WARN] PackLoader:240 - Cannot read IP mode file for STMicroelectronics.X-CUBE-AZRTOS-H7RS.1.0.0
2025-02-03 21:15:29,762 [WARN] PackLoader:240 - Cannot read IP mode file for STMicroelectronics.X-CUBE-AZRTOS-F4.1.1.0
2025-02-03 21:15:29,769 [WARN] PackLoader:240 - Cannot read IP mode file for STMicroelectronics.X-CUBE-AZRTOS-F7.1.1.0
2025-02-03 21:15:29,776 [WARN] ConditionMgr:438 - getConditionDescription Invalid condition id : LAN8742 Phy interface Condition cause : null
2025-02-03 21:15:29,777 [WARN] PackLoader:240 - Cannot read IP mode file for STMicroelectronics.X-CUBE-AZRTOS-L4.2.0.0
2025-02-03 21:15:29,777 [WARN] ConditionMgr:1044 - genDependencies : Invalid condition id : LAN8742 Phy interface Condition cause : null
2025-02-03 21:15:29,777 [WARN] ConditionMgr:1044 - genDependencies : Invalid condition id : LAN8742 Phy interface Condition cause : null
2025-02-03 21:15:29,777 [WARN] ConditionMgr:1044 - genDependencies : Invalid condition id : LAN8742 Phy interface Condition cause : null
2025-02-03 21:15:29,784 [WARN] PackLoader:240 - Cannot read IP mode file for STMicroelectronics.X-CUBE-AZRTOS-L5.2.0.0
2025-02-03 21:15:29,790 [WARN] PackLoader:240 - Cannot read IP mode file for STMicroelectronics.X-CUBE-AZRTOS-G0.1.1.0
2025-02-03 21:15:29,796 [WARN] PackLoader:240 - Cannot read IP mode file for STMicroelectronics.X-CUBE-AZRTOS-G4.2.0.0
2025-02-03 21:15:29,801 [WARN] ConditionMgr:438 - getConditionDescription Invalid condition id : UX DEVICE CLASS RTOS Condition cause : null
2025-02-03 21:15:29,801 [WARN] ConditionMgr:438 - getConditionDescription Invalid condition id : UX DEVICE CLASS RTOS Condition cause : null
2025-02-03 21:15:29,802 [WARN] PackLoader:240 - Cannot read IP mode file for STMicroelectronics.X-CUBE-AZRTOS-WB.2.0.0
2025-02-03 21:15:29,802 [WARN] ConditionMgr:1044 - genDependencies : Invalid condition id : UX DEVICE CLASS RTOS Condition cause : null
2025-02-03 21:15:29,802 [WARN] ConditionMgr:1044 - genDependencies : Invalid condition id : UX DEVICE CLASS RTOS Condition cause : null
2025-02-03 21:15:29,802 [WARN] ConditionMgr:1044 - genDependencies : Invalid condition id : UX DEVICE CLASS RTOS Condition cause : null
2025-02-03 21:15:29,803 [WARN] ConditionMgr:1044 - genDependencies : Invalid condition id : UX DEVICE CLASS RTOS Condition cause : null
2025-02-03 21:15:29,803 [WARN] ConditionMgr:1044 - genDependencies : Invalid condition id : UX DEVICE CLASS RTOS Condition cause : null
2025-02-03 21:15:29,806 [INFO] LogOutputStream:77 - [STDOUT_REDIRECT] 1 : Invalid condition id : UX_CORESTACK_Condition cause : null
2025-02-03 21:15:29,807 [INFO] LogOutputStream:77 - [STDOUT_REDIRECT] 1 : Invalid condition id : UX_CORESTACK_Condition cause : null
2025-02-03 21:15:29,807 [INFO] LogOutputStream:77 - [STDOUT_REDIRECT] 1 : Invalid condition id : UX_CORESTACK_Condition cause : null
2025-02-03 21:15:29,808 [INFO] LogOutputStream:77 - [STDOUT_REDIRECT] 1 : Invalid condition id : UX_CORESTACK_Condition cause : null
2025-02-03 21:15:29,808 [INFO] LogOutputStream:77 - [STDOUT_REDIRECT] 1 : Invalid condition id : UX_CORESTACK_Condition cause : null
2025-02-03 21:15:29,809 [WARN] PackLoader:240 - Cannot read IP mode file for STMicroelectronics.X-CUBE-AZRTOS-WL.2.0.0
2025-02-03 21:15:29,812 [WARN] PackLoader:240 - Cannot read IP mode file for STMicroelectronics.X-CUBE-WB05N.1.1.0
2025-02-03 21:15:29,814 [WARN] PackLoader:240 - Cannot read IP mode file for wolfSSL.I-CUBE-wolfSSL.5.7.6
2025-02-03 21:15:29,815 [WARN] PackLoader:240 - Cannot read IP mode file for wolfSSL.I-CUBE-wolfMQTT.1.19.0
2025-02-03 21:15:29,817 [WARN] PackLoader:240 - Cannot read IP mode file for wolfSSL.I-CUBE-wolfTPM.3.4.0
2025-02-03 21:15:29,818 [WARN] PackLoader:240 - Cannot read IP mode file for wolfSSL.I-CUBE-wolfSSH.1.4.17
2025-02-03 21:15:29,820 [WARN] PackLoader:240 - Cannot read IP mode file for RealThread.X-CUBE-RT-Thread_Nano.4.1.1
2025-02-03 21:15:29,839 [WARN] PackLoader:240 - Cannot read IP mode file for SEGGER.I-CUBE-embOS.1.3.1
2025-02-03 21:15:29,858 [WARN] PackLoader:240 - Cannot read IP mode file for portGmbH.I-Cube-SoM-uGOAL.1.1.0
2025-02-03 21:15:29,860 [WARN] PackLoader:240 - Cannot read IP mode file for emotas.I-CUBE-CANOPEN.1.3.0
2025-02-03 21:15:29,863 [WARN] PackLoader:240 - Cannot read IP mode file for WES.I-CUBE-Cesium.1.3.0
2025-02-03 21:15:29,865 [WARN] PackLoader:240 - Cannot read IP mode file for ITTIA_DB.I-CUBE-ITTIADB.8.9.0
2025-02-03 21:15:29,874 [WARN] PackLoader:240 - Cannot read IP mode file for Infineon.AIROC-Wi-Fi-Bluetooth-STM32.1.7.0
2025-02-03 21:15:29,877 [WARN] PackLoader:240 - Cannot read IP mode file for Cesanta.I-CUBE-Mongoose.7.13.0
2025-02-03 21:15:29,880 [WARN] PackLoader:240 - Cannot read IP mode file for EmbeddedOffice.I-CUBE-FS-RTOS.1.0.1
2025-02-03 21:15:29,882 [WARN] ConditionMgr:438 - getConditionDescription Invalid condition id : Cortex-A Device cause : null
2025-02-03 21:15:29,889 [WARN] ConditionMgr:1044 - genDependencies : Invalid condition id : Cortex-A Device cause : null
2025-02-03 21:15:29,889 [WARN] ConditionMgr:1044 - genDependencies : Invalid condition id : Cortex-A Device cause : null
2025-02-03 21:15:29,889 [WARN] ConditionMgr:1044 - genDependencies : Invalid condition id : Cortex-A Device cause : null
2025-02-03 21:15:29,890 [INFO] PopulateThirdPartyThread:66 - Ending populate Thread
2025-02-03 21:15:29,891 [INFO] ThirdParty:1030 - CMSIS Pack Vendor :STMicroelectronics X-CUBE-AZRTOS-H7 3.3.0
2025-02-03 21:15:29,891 [INFO] ThirdParty:1030 - CMSIS Pack Vendor :STMicroelectronics X-CUBE-NFC9 1.0.0
2025-02-03 21:15:29,891 [INFO] ThirdParty:1030 - CMSIS Pack Vendor :STMicroelectronics FP-SNS-MOTENVWB1 1.4.0
2025-02-03 21:15:29,891 [INFO] ThirdParty:1030 - CMSIS Pack Vendor :STMicroelectronics X-CUBE-AZRTOS-F4 1.1.0
2025-02-03 21:15:29,891 [INFO] ThirdParty:1030 - CMSIS Pack Vendor :STMicroelectronics FP-ATR-ASTRA1 2.0.1
2025-02-03 21:15:29,891 [INFO] ThirdParty:1030 - CMSIS Pack Vendor :STMicroelectronics X-CUBE-SMBUS 2.1.0
2025-02-03 21:15:29,891 [INFO] ThirdParty:1030 - CMSIS Pack Vendor :STMicroelectronics X-CUBE-WB05N 1.1.0
2025-02-03 21:15:29,891 [INFO] ThirdParty:1030 - CMSIS Pack Vendor :STMicroelectronics X-CUBE-ISPU 2.1.0
2025-02-03 21:15:29,891 [INFO] ThirdParty:1030 - CMSIS Pack Vendor :STMicroelectronics X-CUBE-AZRTOS-WB 2.0.0
2025-02-03 21:15:29,891 [INFO] ThirdParty:1030 - CMSIS Pack Vendor :STMicroelectronics X-CUBE-GNSS1 7.0.1
2025-02-03 21:15:29,891 [INFO] ThirdParty:1030 - CMSIS Pack Vendor :STMicroelectronics X-CUBE-AZRTOS-F7 1.1.0
2025-02-03 21:15:29,891 [INFO] ThirdParty:1030 - CMSIS Pack Vendor :STMicroelectronics X-CUBE-AZRTOS-L5 2.0.0
2025-02-03 21:15:29,891 [INFO] ThirdParty:1030 - CMSIS Pack Vendor :STMicroelectronics X-CUBE-NFC6 3.1.0
2025-02-03 21:15:29,891 [INFO] ThirdParty:1030 - CMSIS Pack Vendor :STMicroelectronics FP-SNS-STBOX1 2.0.0
2025-02-03 21:15:29,891 [INFO] ThirdParty:1030 - CMSIS Pack Vendor :STMicroelectronics X-CUBE-AZRTOS-G0 1.1.0
2025-02-03 21:15:29,891 [INFO] ThirdParty:1030 - CMSIS Pack Vendor :STMicroelectronics X-CUBE-DPower 1.2.0
2025-02-03 21:15:29,891 [INFO] ThirdParty:1030 - CMSIS Pack Vendor :STMicroelectronics X-CUBE-NFC4 3.0.0
2025-02-03 21:15:29,892 [INFO] ThirdParty:1030 - CMSIS Pack Vendor :STMicroelectronics X-CUBE-SAFEA1 1.2.2
2025-02-03 21:15:29,892 [INFO] ThirdParty:1030 - CMSIS Pack Vendor :STMicroelectronics X-CUBE-SUBG2 5.0.0
2025-02-03 21:15:29,892 [INFO] ThirdParty:1030 - CMSIS Pack Vendor :EmbeddedOffice I-CUBE-FS-RTOS 1.0.1
2025-02-03 21:15:29,892 [INFO] ThirdParty:1030 - CMSIS Pack Vendor :STMicroelectronics FP-SNS-FLIGHT1 5.0.2
2025-02-03 21:15:29,892 [INFO] ThirdParty:1030 - CMSIS Pack Vendor :Cesanta I-CUBE-Mongoose 7.13.0
2025-02-03 21:15:29,892 [INFO] ThirdParty:1030 - CMSIS Pack Vendor :Infineon AIROC-Wi-Fi-Bluetooth-STM32 1.7.0
2025-02-03 21:15:29,892 [INFO] ThirdParty:1030 - CMSIS Pack Vendor :STMicroelectronics X-CUBE-AZRTOS-G4 2.0.0
2025-02-03 21:15:29,892 [INFO] ThirdParty:1030 - CMSIS Pack Vendor :STMicroelectronics X-CUBE-DISPLAY 3.0.0
2025-02-03 21:15:29,892 [INFO] ThirdParty:1030 - CMSIS Pack Vendor :STMicroelectronics X-CUBE-TCPP 4.2.0
2025-02-03 21:15:29,892 [INFO] ThirdParty:1030 - CMSIS Pack Vendor :RealThread X-CUBE-RT-Thread_Nano 4.1.1
2025-02-03 21:15:29,892 [INFO] ThirdParty:1030 - CMSIS Pack Vendor :STMicroelectronics FP-ATR-SIGFOX1 3.2.0
2025-02-03 21:15:29,892 [INFO] ThirdParty:1030 - CMSIS Pack Vendor :STMicroelectronics X-CUBE-BLE1 7.0.0
2025-02-03 21:15:29,892 [INFO] ThirdParty:1030 - CMSIS Pack Vendor :STMicroelectronics X-CUBE-NFC10 1.0.0
2025-02-03 21:15:29,892 [INFO] ThirdParty:1030 - CMSIS Pack Vendor :quantropi X-CUBE-qispace-sdk-base 1.9.3
2025-02-03 21:15:29,892 [INFO] ThirdParty:1030 - CMSIS Pack Vendor :STMicroelectronics X-CUBE-BLEMGR 4.0.0
2025-02-03 21:15:29,892 [INFO] ThirdParty:1030 - CMSIS Pack Vendor :STMicroelectronics X-CUBE-EEPRMA1 5.1.0
2025-02-03 21:15:29,892 [INFO] ThirdParty:1030 - CMSIS Pack Vendor :STMicroelectronics X-CUBE-ALS 1.0.2
2025-02-03 21:15:29,892 [INFO] ThirdParty:1030 - CMSIS Pack Vendor :STMicroelectronics X-CUBE-IPS 3.1.0
2025-02-03 21:15:29,892 [INFO] ThirdParty:1030 - CMSIS Pack Vendor :STMicroelectronics X-CUBE-FREERTOS 1.3.0
2025-02-03 21:15:29,892 [INFO] ThirdParty:1030 - CMSIS Pack Vendor :emotas I-CUBE-CANOPEN 1.3.0
2025-02-03 21:15:29,892 [INFO] ThirdParty:1030 - CMSIS Pack Vendor :STMicroelectronics X-CUBE-NFC7 1.0.1
2025-02-03 21:15:29,892 [INFO] ThirdParty:1030 - CMSIS Pack Vendor :wolfSSL I-CUBE-wolfSSL 5.7.6
2025-02-03 21:15:29,892 [INFO] ThirdParty:1030 - CMSIS Pack Vendor :ITTIA_DB I-CUBE-ITTIADB 8.9.0
2025-02-03 21:15:29,892 [INFO] ThirdParty:1030 - CMSIS Pack Vendor :STMicroelectronics X-CUBE-TOUCHGFX 4.24.2
2025-02-03 21:15:29,892 [INFO] ThirdParty:1030 - CMSIS Pack Vendor :wolfSSL I-CUBE-wolfTPM 3.4.0
2025-02-03 21:15:29,892 [INFO] ThirdParty:1030 - CMSIS Pack Vendor :portGmbH I-Cube-SoM-uGOAL 1.1.0
2025-02-03 21:15:29,892 [INFO] ThirdParty:1030 - CMSIS Pack Vendor :STMicroelectronics X-CUBE-AI 10.0.0
2025-02-03 21:15:29,892 [INFO] ThirdParty:1030 - CMSIS Pack Vendor :STMicroelectronics FP-SNS-SMARTAG2 1.2.0
2025-02-03 21:15:29,892 [INFO] ThirdParty:1030 - CMSIS Pack Vendor :STMicroelectronics X-CUBE-MEMS1 11.1.0
2025-02-03 21:15:29,892 [INFO] ThirdParty:1030 - CMSIS Pack Vendor :STMicroelectronics X-CUBE-AZRTOS-WL 2.0.0
2025-02-03 21:15:29,892 [INFO] ThirdParty:1030 - CMSIS Pack Vendor :SEGGER I-CUBE-embOS 1.3.1
2025-02-03 21:15:29,892 [INFO] ThirdParty:1030 - CMSIS Pack Vendor :STMicroelectronics X-CUBE-ALGOBUILD 1.4.0
2025-02-03 21:15:29,892 [INFO] ThirdParty:1030 - CMSIS Pack Vendor :STMicroelectronics FP-SNS-MOTENV1 5.0.0
2025-02-03 21:15:29,892 [INFO] ThirdParty:1030 - CMSIS Pack Vendor :STMicroelectronics X-CUBE-AZRTOS-H7RS 1.0.0
2025-02-03 21:15:29,892 [INFO] ThirdParty:1030 - CMSIS Pack Vendor :wolfSSL I-CUBE-wolfMQTT 1.19.0
2025-02-03 21:15:29,892 [INFO] ThirdParty:1030 - CMSIS Pack Vendor :STMicroelectronics X-CUBE-AZRTOS-L4 2.0.0
2025-02-03 21:15:29,892 [INFO] ThirdParty:1030 - CMSIS Pack Vendor :WES I-CUBE-Cesium 1.3.0
2025-02-03 21:15:29,892 [INFO] ThirdParty:1030 - CMSIS Pack Vendor :STMicroelectronics X-CUBE-SFXS2LP1 4.0.0
2025-02-03 21:15:29,892 [INFO] ThirdParty:1030 - CMSIS Pack Vendor :STMicroelectronics X-CUBE-BLE2 3.3.0
2025-02-03 21:15:29,892 [INFO] ThirdParty:1030 - CMSIS Pack Vendor :STMicroelectronics X-CUBE-TOF1 3.4.2
2025-02-03 21:15:29,892 [INFO] ThirdParty:1030 - CMSIS Pack Vendor :wolfSSL I-CUBE-wolfSSH 1.4.17
2025-02-03 21:15:29,893 [INFO] LoadServerUpdatesThread:375 - End of LoadServerUpdate Thread
